<?xml version="1.0" encoding="UTF-8"?>
<testsuite xmlns:xsi="http://www.w3.org/2001/XMLSchema-instance" xsi:noNamespaceSchemaLocation="https://maven.apache.org/surefire/maven-surefire-plugin/xsd/surefire-test-report-3.0.xsd" version="3.0" name="com.shilposts.finnposts.FinnpostsApplicationTests" time="4.993" tests="1" errors="0" skipped="0" failures="0">
  <properties>
[...]
</properties>
  <testcase name="contextLoads" classname="com.shilposts.finnposts.FinnpostsApplicationTests" time="1.226">
    <system-out><![CDATA[18:09:47.577 [main] INFO org.springframework.test.context.support.AnnotationConfigContextLoaderUtils -- Could not detect default configuration classes for test class [com.shilposts.finnposts.FinnpostsApplicationTests]: FinnpostsApplicationTests does not declare any static, non-private, non-final, nested classes annotated with @Configuration.
18:09:47.719 [main] INFO org.springframework.boot.test.context.SpringBootTestContextBootstrapper -- Found @SpringBootConfiguration com.shilposts.finnposts.FinnpostsApplication for test class com.shilposts.finnposts.FinnpostsApplicationTests

  .   ____          _            __ _ _
 /\\ / ___'_ __ _ _(_)_ __  __ _ \ \ \ \
( ( )\___ | '_ | '_| | '_ \/ _` | \ \ \ \
 \\/  ___)| |_)| | | | | || (_| |  ) ) ) )
  '  |____| .__|_| |_|_| |_\__, | / / / /
 =========|_|==============|___/=/_/_/_/

 :: Spring Boot ::                (v3.3.2)

2024-07-22T18:09:48.307+02:00  INFO 22160 --- [           main] c.s.finnposts.FinnpostsApplicationTests  : Starting FinnpostsApplicationTests using Java 17.0.12 with PID 22160 (started by payan in C:\Users\payan\Downloads\finnposts)
2024-07-22T18:09:48.310+02:00  INFO 22160 --- [           main] c.s.finnposts.FinnpostsApplicationTests  : No active profile set, falling back to 1 default profile: "default"
2024-07-22T18:09:49.035+02:00  INFO 22160 --- [           main] .s.d.r.c.RepositoryConfigurationDelegate : Bootstrapping Spring Data MongoDB repositories in DEFAULT mode.
2024-07-22T18:09:49.122+02:00  INFO 22160 --- [           main] .s.d.r.c.RepositoryConfigurationDelegate : Finished Spring Data repository scanning in 81 ms. Found 1 MongoDB repository interface.
2024-07-22T18:09:49.791+02:00  INFO 22160 --- [tez.mongodb.net] org.mongodb.driver.cluster               : Adding discovered server ac-z2qfprc-shard-00-01.m8eftez.mongodb.net:27017 to client view of cluster
2024-07-22T18:09:49.820+02:00  INFO 22160 --- [           main] org.mongodb.driver.client                : MongoClient with metadata {"driver": {"name": "mongo-java-driver|sync|spring-boot", "version": "5.0.1"}, "os": {"type": "Windows", "name": "Windows 10", "architecture": "amd64", "version": "10.0"}, "platform": "Java/Oracle Corporation/17.0.12+8-LTS-286"} created with settings MongoClientSettings{readPreference=primary, writeConcern=WriteConcern{w=majority, wTimeout=null ms, journal=null}, retryWrites=true, retryReads=true, readConcern=ReadConcern{level=null}, credential=MongoCredential{mechanism=null, userName='Shilwan', source='admin', password=<hidden>, mechanismProperties=<hidden>}, transportSettings=null, commandListeners=[], codecRegistry=ProvidersCodecRegistry{codecProviders=[ValueCodecProvider{}, BsonValueCodecProvider{}, DBRefCodecProvider{}, DBObjectCodecProvider{}, DocumentCodecProvider{}, CollectionCodecProvider{}, IterableCodecProvider{}, MapCodecProvider{}, GeoJsonCodecProvider{}, GridFSFileCodecProvider{}, Jsr310CodecProvider{}, JsonObjectCodecProvider{}, BsonCodecProvider{}, EnumCodecProvider{}, com.mongodb.client.model.mql.ExpressionCodecProvider@7fd987ef, com.mongodb.Jep395RecordCodecProvider@7209ffb5, com.mongodb.KotlinCodecProvider@5e99b9c]}, loggerSettings=LoggerSettings{maxDocumentLength=1000}, clusterSettings={hosts=[127.0.0.1:27017], srvHost=cluster0.m8eftez.mongodb.net, srvServiceName=mongodb, mode=MULTIPLE, requiredClusterType=REPLICA_SET, requiredReplicaSetName='atlas-54i31m-shard-0', serverSelector='null', clusterListeners='[]', serverSelectionTimeout='30000 ms', localThreshold='15 ms'}, socketSettings=SocketSettings{connectTimeoutMS=10000, readTimeoutMS=0, receiveBufferSize=0, proxySettings=ProxySettings{host=null, port=null, username=null, password=null}}, heartbeatSocketSettings=SocketSettings{connectTimeoutMS=10000, readTimeoutMS=10000, receiveBufferSize=0, proxySettings=ProxySettings{host=null, port=null, username=null, password=null}}, connectionPoolSettings=ConnectionPoolSettings{maxSize=100, minSize=0, maxWaitTimeMS=120000, maxConnectionLifeTimeMS=0, maxConnectionIdleTimeMS=0, maintenanceInitialDelayMS=0, maintenanceFrequencyMS=60000, connectionPoolListeners=[], maxConnecting=2}, serverSettings=ServerSettings{heartbeatFrequencyMS=10000, minHeartbeatFrequencyMS=500, serverListeners='[]', serverMonitorListeners='[]'}, sslSettings=SslSettings{enabled=true, invalidHostNameAllowed=false, context=null}, applicationName='null', compressorList=[], uuidRepresentation=JAVA_LEGACY, serverApi=null, autoEncryptionSettings=null, dnsClient=null, inetAddressResolver=null, contextProvider=null}
2024-07-22T18:09:49.829+02:00  INFO 22160 --- [tez.mongodb.net] org.mongodb.driver.cluster               : Adding discovered server ac-z2qfprc-shard-00-02.m8eftez.mongodb.net:27017 to client view of cluster
2024-07-22T18:09:49.833+02:00  INFO 22160 --- [tez.mongodb.net] org.mongodb.driver.cluster               : Adding discovered server ac-z2qfprc-shard-00-00.m8eftez.mongodb.net:27017 to client view of cluster
2024-07-22T18:09:50.371+02:00  INFO 22160 --- [ngodb.net:27017] org.mongodb.driver.cluster               : Monitor thread successfully connected to server with description ServerDescription{address=ac-z2qfprc-shard-00-00.m8eftez.mongodb.net:27017, type=REPLICA_SET_SECONDARY, state=CONNECTED, ok=true, minWireVersion=0, maxWireVersion=21, maxDocumentSize=16777216, logicalSessionTimeoutMinutes=30, roundTripTimeNanos=305490500, setName='atlas-54i31m-shard-0', canonicalAddress=ac-z2qfprc-shard-00-00.m8eftez.mongodb.net:27017, hosts=[ac-z2qfprc-shard-00-00.m8eftez.mongodb.net:27017, ac-z2qfprc-shard-00-01.m8eftez.mongodb.net:27017, ac-z2qfprc-shard-00-02.m8eftez.mongodb.net:27017], passives=[], arbiters=[], primary='ac-z2qfprc-shard-00-01.m8eftez.mongodb.net:27017', tagSet=TagSet{[Tag{name='availabilityZone', value='eun1-az1'}, Tag{name='diskState', value='READY'}, Tag{name='nodeType', value='ELECTABLE'}, Tag{name='provider', value='AWS'}, Tag{name='region', value='EU_NORTH_1'}, Tag{name='workloadType', value='OPERATIONAL'}]}, electionId=null, setVersion=5, topologyVersion=TopologyVersion{processId=6685a1fa0fbc1e7b6a39ddd0, counter=4}, lastWriteDate=Mon Jul 22 18:09:50 CEST 2024, lastUpdateTimeNanos=741693216322900}
2024-07-22T18:09:50.371+02:00  INFO 22160 --- [ngodb.net:27017] org.mongodb.driver.cluster               : Monitor thread successfully connected to server with description ServerDescription{address=ac-z2qfprc-shard-00-02.m8eftez.mongodb.net:27017, type=REPLICA_SET_SECONDARY, state=CONNECTED, ok=true, minWireVersion=0, maxWireVersion=21, maxDocumentSize=16777216, logicalSessionTimeoutMinutes=30, roundTripTimeNanos=306763600, setName='atlas-54i31m-shard-0', canonicalAddress=ac-z2qfprc-shard-00-02.m8eftez.mongodb.net:27017, hosts=[ac-z2qfprc-shard-00-00.m8eftez.mongodb.net:27017, ac-z2qfprc-shard-00-01.m8eftez.mongodb.net:27017, ac-z2qfprc-shard-00-02.m8eftez.mongodb.net:27017], passives=[], arbiters=[], primary='ac-z2qfprc-shard-00-01.m8eftez.mongodb.net:27017', tagSet=TagSet{[Tag{name='availabilityZone', value='eun1-az3'}, Tag{name='diskState', value='READY'}, Tag{name='nodeType', value='ELECTABLE'}, Tag{name='provider', value='AWS'}, Tag{name='region', value='EU_NORTH_1'}, Tag{name='workloadType', value='OPERATIONAL'}]}, electionId=null, setVersion=5, topologyVersion=TopologyVersion{processId=6685a29f422fcf3eac2cfc1d, counter=3}, lastWriteDate=Mon Jul 22 18:09:50 CEST 2024, lastUpdateTimeNanos=741693216322800}
2024-07-22T18:09:50.371+02:00  INFO 22160 --- [ngodb.net:27017] org.mongodb.driver.cluster               : Monitor thread successfully connected to server with description ServerDescription{address=ac-z2qfprc-shard-00-01.m8eftez.mongodb.net:27017, type=REPLICA_SET_PRIMARY, state=CONNECTED, ok=true, minWireVersion=0, maxWireVersion=21, maxDocumentSize=16777216, logicalSessionTimeoutMinutes=30, roundTripTimeNanos=305601700, setName='atlas-54i31m-shard-0', canonicalAddress=ac-z2qfprc-shard-00-01.m8eftez.mongodb.net:27017, hosts=[ac-z2qfprc-shard-00-00.m8eftez.mongodb.net:27017, ac-z2qfprc-shard-00-01.m8eftez.mongodb.net:27017, ac-z2qfprc-shard-00-02.m8eftez.mongodb.net:27017], passives=[], arbiters=[], primary='ac-z2qfprc-shard-00-01.m8eftez.mongodb.net:27017', tagSet=TagSet{[Tag{name='availabilityZone', value='eun1-az2'}, Tag{name='diskState', value='READY'}, Tag{name='nodeType', value='ELECTABLE'}, Tag{name='provider', value='AWS'}, Tag{name='region', value='EU_NORTH_1'}, Tag{name='workloadType', value='OPERATIONAL'}]}, electionId=7fffffff0000000000000016, setVersion=5, topologyVersion=TopologyVersion{processId=6685a24cbd5a7e45b5072278, counter=6}, lastWriteDate=Mon Jul 22 18:09:50 CEST 2024, lastUpdateTimeNanos=741693216322900}
2024-07-22T18:09:50.377+02:00  INFO 22160 --- [ngodb.net:27017] org.mongodb.driver.cluster               : Discovered replica set primary ac-z2qfprc-shard-00-01.m8eftez.mongodb.net:27017 with max election id 7fffffff0000000000000016 and max set version 5
2024-07-22T18:09:51.109+02:00  INFO 22160 --- [           main] c.s.finnposts.FinnpostsApplicationTests  : Started FinnpostsApplicationTests in 3.164 seconds (process running for 4.325)
]]></system-out>
  </testcase>
</testsuite>